2014-09-02 15:10:50.890 Thais e Luiz[54730:70b] Multi-tasking -> Device: YES, App: YES
2014-09-02 15:10:50.915 Thais e Luiz[54730:70b] Unlimited access to network resources
2014-09-02 15:10:50.921 Thais e Luiz[54730:70b] 

Started backup to iCloud! Please be careful.
Your application might rejected by Apple if you store too much data.
For more information please read "iOS Data Storage Guidelines"
You could find it at the following address https://developer.apple.com/icloud/documentation/data-storage/ .

2014-09-02 15:10:51.292 Thais e Luiz[54730:70b] Resetting plugins due to page load.
2014-09-02 15:10:51.422 Thais e Luiz[54730:70b] Finished load of: file:///Users/raulfortes/Library/Application%20Support/iPhone%20Simulator/7.1/Applications/EE8A76BE-B58A-4DBC-B40B-D18C0032A74D/Thais%20e%20Luiz.app/www/index.html
2014-09-02 15:11:16.244 Thais e Luiz[54730:70b] Resetting plugins due to page load.
2014-09-02 15:11:16.267 Thais e Luiz[54730:70b] Finished load of: file:///Users/raulfortes/Library/Application%20Support/iPhone%20Simulator/7.1/Applications/EE8A76BE-B58A-4DBC-B40B-D18C0032A74D/Thais%20e%20Luiz.app/www/about.html
2014-09-02 15:11:19.919 Thais e Luiz[54730:70b] Resetting plugins due to page load.
2014-09-02 15:11:19.941 Thais e Luiz[54730:70b] Finished load of: file:///Users/raulfortes/Library/Application%20Support/iPhone%20Simulator/7.1/Applications/EE8A76BE-B58A-4DBC-B40B-D18C0032A74D/Thais%20e%20Luiz.app/www/index.html
2014-09-02 15:35:37.378 Thais e Luiz[56028:70b] Multi-tasking -> Device: YES, App: YES
2014-09-02 15:35:37.386 Thais e Luiz[56028:70b] Unlimited access to network resources
2014-09-02 15:35:37.389 Thais e Luiz[56028:70b] 

Started backup to iCloud! Please be careful.
Your application might rejected by Apple if you store too much data.
For more information please read "iOS Data Storage Guidelines"
You could find it at the following address https://developer.apple.com/icloud/documentation/data-storage/ .

2014-09-02 15:35:37.713 Thais e Luiz[56028:70b] Resetting plugins due to page load.
2014-09-02 15:35:37.927 Thais e Luiz[56028:70b] Finished load of: file:///Users/raulfortes/Library/Application%20Support/iPhone%20Simulator/7.1/Applications/EE8A76BE-B58A-4DBC-B40B-D18C0032A74D/Thais%20e%20Luiz.app/www/index.html
2014-09-02 16:03:29.961 Thais e Luiz[57007:70b] Multi-tasking -> Device: YES, App: YES
2014-09-02 16:03:29.998 Thais e Luiz[57007:70b] Unlimited access to network resources
2014-09-02 16:03:30.030 Thais e Luiz[57007:70b] 

Started backup to iCloud! Please be careful.
Your application might rejected by Apple if you store too much data.
For more information please read "iOS Data Storage Guidelines"
You could find it at the following address https://developer.apple.com/icloud/documentation/data-storage/ .

2014-09-02 16:03:30.392 Thais e Luiz[57007:70b] Resetting plugins due to page load.
2014-09-02 16:03:30.540 Thais e Luiz[57007:70b] Finished load of: file:///Users/raulfortes/Library/Application%20Support/iPhone%20Simulator/7.1/Applications/EE8A76BE-B58A-4DBC-B40B-D18C0032A74D/Thais%20e%20Luiz.app/www/index.html
